<?xml version="1.0" encoding="UTF-8"?>
<beans xmlns="http://www.springframework.org/schema/beans"
	   xmlns:xsi="http://www.w3.org/2001/XMLSchema-instance" 
	   xmlns:util="http://www.springframework.org/schema/util" xsi:schemaLocation="
http://www.springframework.org/schema/beans http://www.springframework.org/schema/beans/spring-beans-2.0.xsd
http://www.springframework.org/schema/util http://www.springframework.org/schema/util/spring-util-2.0.xsd" >

	<description>
		AplicationContext de configuracion de objetos de servicios de lista de distribuci√≥n
	</description>

    <!--Cambio Multidivisas-->
    <bean id="sessionFactoryInternacional"
          class="org.springframework.orm.hibernate3.annotation.AnnotationSessionFactoryBean">
        <description>SessionFactory para Portal Internacional</description>

        <property name="dataSource">
            <ref bean="dataSourceInternacional" />
        </property>
        <property name="configLocations">
            <list>
                <value>classpath:com/indeval/sidv/bitacora/persistence/model/mapping.cfg.xml</value>
            </list>
        </property>

        <property name="annotatedClasses">
            <list>
                <!-- Poner en ESTRICTO orden alfabetico (por favor) -->
                <value>
                    com.indeval.portalinternacional.middleware.servicios.modelo.capitales.AssetManagerEmision
                </value>
                <value>
                    com.indeval.portalinternacional.middleware.servicios.modelo.BeneficiarioInstitucion
                </value>
                <value>
                    com.indeval.portalinternacional.middleware.servicios.modelo.Beneficiario
                </value>
                <value>
                    com.indeval.portalinternacional.middleware.servicios.modelo.BitacoraConciliacionEfectivoInt
                </value>
                <value>
                    com.indeval.portalinternacional.middleware.servicios.modelo.BitacoraConfirmacion
                </value>
                <value>
                    com.indeval.portalinternacional.middleware.servicios.modelo.BitacoraOperacionesSic
                </value>
                <value>
                    com.indeval.portalinternacional.middleware.servicios.modelo.BitacoraMensajeConciliacionInt
                </value>
                <value>
                    com.indeval.portalinternacional.middleware.servicios.modelo.BitacoraMensajeSwift
                </value>
                <value>
                    com.indeval.portaldali.persistence.modelo.BancoCorresponsal
                </value>
                <value>
                    com.indeval.portaldali.persistence.modelo.BitacoraOperaciones
                </value>
                <value>
                    com.indeval.portaldali.persistence.modelo.Boveda
                </value>
                <value>
                    com.indeval.portalinternacional.middleware.servicios.modelo.Bovedas
                </value>
                <!--value> com.indeval.portaldali.persistence.modelo.CampoBean </value -->
                <value>
                    com.indeval.portalinternacional.middleware.servicios.modelo.capitales.CalendarioDerechosCapitales
                </value>
                <value>
                    com.indeval.portalinternacional.middleware.servicios.modelo.CalendarioDerechos
                </value>
                <value>
                    com.indeval.portalinternacional.middleware.servicios.modelo.capitales.CalendarioHistoricoDerechosCapitales
                </value>
                <value>
                    com.indeval.portalinternacional.middleware.servicios.modelo.Control
                </value>
                <value>
                    com.indeval.portalinternacional.middleware.servicios.modelo.CatBic
                </value>
                <value>
                    com.indeval.portalinternacional.middleware.servicios.modelo.CatEstatusBitacoraSic
                </value>

                <!--value> com.indeval.portaldali.persistence.modelo.Ciclo </value -->
                <!--value> com.indeval.portaldali.persistence.modelo.CicloCompensacion
                    </value -->
                <!--value> com.indeval.portaldali.persistence.modelo.CreditoEspecial
                    </value -->
                <value>
                    com.indeval.portalinternacional.middleware.servicios.modelo.ComentarioEfectivoInt
                </value>
                <value>
                    com.indeval.portalinternacional.middleware.servicios.modelo.CodigoIdentificacionEfectivoInt
                </value>
                <value>
                    com.indeval.portalinternacional.middleware.servicios.modelo.ConciliacionDivisasInt
                </value>
                <value>
                    com.indeval.portalinternacional.middleware.servicios.modelo.ConciliacionEfectivoInt
                </value>
                <value>
                    com.indeval.portalinternacional.middleware.servicios.modelo.ConciliacionInt
                </value>
                <value>
                    com.indeval.portalinternacional.middleware.servicios.modelo.SettlementDisciplineRegime
                </value>
                <value>com.indeval.portalinternacional.middleware.servicios.modelo.makercheker.SolicitudAutorizacion
                </value>
                <value>
                    com.indeval.portalinternacional.middleware.servicios.modelo.ConfirmacionEfectivo
                </value>
                <value>
                    com.indeval.portaldali.persistence.modelo.CuentaControlada
                </value>
                <value>
                    com.indeval.portalinternacional.middleware.servicios.modelo.CuentaCorresponsal
                </value>
                <value>
                    com.indeval.portalinternacional.middleware.servicios.modelo.CuentaCorresponsal103
                </value>
                <value>
                    com.indeval.portalinternacional.middleware.servicios.modelo.CuentaCorresponsal202
                </value>
                <value>
                    com.indeval.portalinternacional.middleware.servicios.modelo.CuentaEfectivoInt
                </value>
                <value>
                    com.indeval.portalinternacional.middleware.servicios.modelo.DivisaBoveda
                </value>
                <value>
                    com.indeval.portalinternacional.middleware.servicios.modelo.DivisaInt
                </value>
                <value>
                    com.indeval.portaldali.persistence.modelo.CuentaNombrada
                </value>
                <value>
                    com.indeval.portalinternacional.middleware.servicios.modelo.eventosCorporativos.CuerpoEventoCorporativo
                </value>
                <value>
                    com.indeval.portaldali.persistence.modelo.Cupon
                </value>
                <value>
                    com.indeval.portaldali.persistence.modelo.CatalogoElementos
                </value>
                <value>
                    com.indeval.portaldali.persistence.modelo.CruceBmv
                </value>
                <value>
                    com.indeval.portalinternacional.middleware.servicios.modelo.CustodioTipoBenef
                </value>
                <value>
                    com.indeval.portalinternacional.middleware.servicios.modelo.Custodio
                </value>
                <value>
                    com.indeval.portalinternacional.middleware.servicios.modelo.CustodioBoveda
                </value>
                <value>
                    com.indeval.portalinternacional.middleware.servicios.modelo.CustodioCalendarioParticipante
                </value>

                <value>
                    com.indeval.portaldali.persistence.modelo.DiaInhabil
                </value>
                <value>
                    com.indeval.portaldali.persistence.modelo.Divisa
                </value>
                <value>
                    com.indeval.portaldali.persistence.modelo.Depositos
                </value>
                <value>
                    com.indeval.portalinternacional.middleware.servicios.modelo.Derecho
                </value>
                <value>
                    com.indeval.portalinternacional.middleware.servicios.modelo.DerechoBeneficiario
                </value>
                <value>
                    com.indeval.portalinternacional.middleware.servicios.modelo.capitales.DerechoCapitalHistorico
                </value>
                <value>
                    com.indeval.portalinternacional.middleware.servicios.modelo.capitales.DerechoCapitalHistoricoCuenta
                </value>
                <value>
                    com.indeval.portalinternacional.middleware.servicios.modelo.capitales.DescFechasAdIntSic
                </value>
                <value>
                    com.indeval.portalinternacional.middleware.servicios.modelo.DestinatarioIntSic
                </value>
                <value>
                    com.indeval.portalinternacional.middleware.servicios.modelo.DetalleConciliacionEfectivoInt
                </value>
                <value>
                    com.indeval.portalinternacional.middleware.servicios.modelo.DetalleConciliacionInt
                </value>
                <value>
                    com.indeval.portalinternacional.middleware.servicios.modelo.DetalleIsinConciliacionInt
                </value>
                <value>
                    com.indeval.portalinternacional.middleware.servicios.modelo.DiasInhabilesDivisas
                </value>
                <value>
                    com.indeval.portalinternacional.middleware.servicios.modelo.Domicilio
                </value>
                <value>
                    com.indeval.portaldali.persistence.modelo.DomiciliosInstituciones
                </value>
                <value>
                    com.indeval.portalinternacional.middleware.servicios.modelo.ElementEstatusDerecho
                </value>
                <value>
                    com.indeval.portaldali.persistence.modelo.Emision
                </value>
                <value>
                    com.indeval.portalinternacional.middleware.servicios.modelo.Emisiones
                </value>
                <value>
                    com.indeval.portaldali.persistence.modelo.Emisora
                </value>
                <value>
                    com.indeval.portalinternacional.middleware.servicios.modelo.Emisoras
                </value>
                <value>
                    com.indeval.portaldali.persistence.modelo.EntidadesFederativas
                </value>
                <value>
                    com.indeval.portalinternacional.middleware.servicios.modelo.capitales.EnvioBitacoraIntSic
                </value>
                <value>
                    com.indeval.portalinternacional.middleware.servicios.modelo.capitales.EnvioIntSic
                </value>
                <value>
                    com.indeval.portalinternacional.middleware.servicios.modelo.capitales.EnvioHistIntSicView
                </value>
                <value>
                    com.indeval.portalinternacional.middleware.servicios.modelo.DiasInhabilesDivisas
                </value>
                <value>
                    com.indeval.portalinternacional.middleware.servicios.modelo.EnvioLegislacionSic
                </value>
                <value>
                    com.indeval.portalinternacional.middleware.servicios.modelo.ErrorSwift
                </value>
                <!--value> com.indeval.portaldali.persistence.modelo.EstadoCiclo </value -->
                <value>
                    com.indeval.portaldali.persistence.modelo.EstadoCuenta
                </value>
                <value>
                    com.indeval.portalinternacional.middleware.servicios.modelo.TipoInstruccionDivisa
                </value>
                <value>
                    com.indeval.portalinternacional.middleware.servicios.modelo.EstadoDerechoInt
                </value>
                <value>
                    com.indeval.portalinternacional.middleware.servicios.modelo.EstadoMensajeIntSic
                </value>
                <value>
                    com.indeval.portalinternacional.middleware.servicios.modelo.eventosCorporativos.AdjuntosEventoCorporativo
                </value>
                <value>
                    com.indeval.portalinternacional.middleware.servicios.modelo.eventosCorporativos.BitacoraCambiosEvco
                </value>
                <value>
                    com.indeval.portalinternacional.middleware.servicios.modelo.eventosCorporativos.BitacoraEstadosEvco
                </value>
                <value>
                    com.indeval.portalinternacional.middleware.servicios.modelo.eventosCorporativos.Estado
                </value>
                <value>
                    com.indeval.portalinternacional.middleware.servicios.modelo.eventosCorporativos.EventoCorporativo
                </value>
                <value>
                    com.indeval.portalinternacional.middleware.servicios.modelo.FastworkMessage
                </value>
                <value>
                    com.indeval.portalinternacional.middleware.servicios.modelo.FormatoFiscal
                </value>
                <value>
                    com.indeval.portalinternacional.middleware.servicios.modelo.eventosCorporativos.ListaDistribucion
                </value>

                <value>
                    com.indeval.portalinternacional.middleware.servicios.modelo.eventosCorporativos.ReglaEstado
                </value>
                <value>
                    com.indeval.portalinternacional.middleware.servicios.modelo.eventosCorporativos.NotificacionEventoCorporativo
                </value>
                <value>
                    com.indeval.portalinternacional.middleware.servicios.modelo.eventosCorporativos.OperadorEvco
                </value>
                <value>
                    com.indeval.portalinternacional.middleware.servicios.modelo.eventosCorporativos.Persona
                </value>
                <value>
                    com.indeval.portalinternacional.middleware.servicios.modelo.eventosCorporativos.PersonaVista
                </value>
                <value>
                    com.indeval.portalinternacional.middleware.servicios.modelo.eventosCorporativos.ListaPersona
                </value>
                <value>
                    com.indeval.portalinternacional.middleware.servicios.modelo.eventosCorporativos.TipoDerechoEvCo
                </value>
                <value>
                    com.indeval.portalinternacional.middleware.servicios.modelo.eventosCorporativos.TipoEvento
                </value>
                <value>
                    com.indeval.portalinternacional.middleware.servicios.modelo.eventosCorporativos.TipoMercado
                </value>
                <value>
                    com.indeval.portalinternacional.middleware.servicios.modelo.eventosCorporativos.TipoValidacionEvco
                </value>
                <value>
                    com.indeval.portalinternacional.middleware.servicios.modelo.eventosCorporativos.ValidacionesEvco
                </value>
                <value>
                    com.indeval.portalinternacional.middleware.servicios.modelo.capitales.VCalendarioHistoricoDerechosCapitales
                </value>
                <value>
                    com.indeval.portalinternacional.middleware.servicios.modelo.capitales.VCalendarioHistoricoDerechosCapitalesRep
                </value>
                <value>
                    com.indeval.portalinternacional.middleware.servicios.modelo.capitales.VCalendarioHistoricoDerechosExterno
                </value>
                <value>
                    com.indeval.portalinternacional.middleware.servicios.modelo.capitales.VHistoricoNarrativas
                </value>
                <value>
                    com.indeval.portalinternacional.middleware.servicios.modelo.ExemptPayeeW9
                </value>
                <value>
                    com.indeval.portalinternacional.middleware.servicios.modelo.ExemptionFatcaW9
                </value>
                <value>
                    com.indeval.portaldali.persistence.modelo.EstadoInstitucion
                </value>
                <value>
                    com.indeval.portaldali.persistence.modelo.EstadoInstruccion
                </value>
                <value>
                    com.indeval.portalinternacional.middleware.servicios.modelo.EstadoMulticarga
                </value>
                <value>
                    com.indeval.portaldali.persistence.modelo.EstatusCupones
                </value>
                <value>
                    com.indeval.portalinternacional.middleware.servicios.modelo.EstatusConciliacionInt
                </value>
                <value>
                    com.indeval.portalinternacional.middleware.servicios.modelo.EstatusDerecho
                </value>
                <value>
                    com.indeval.portaldali.persistence.modelo.EstatusEmisiones
                </value>
                <value>
                    com.indeval.portaldali.persistence.modelo.EstatusFolioOperacion
                </value>
                <value>
                    com.indeval.portalinternacional.middleware.servicios.modelo.CamposW8Ben
                </value>
                <value>
                    com.indeval.portalinternacional.middleware.servicios.modelo.CamposW8IMY
                </value>
                <value>
                    com.indeval.portalinternacional.middleware.servicios.modelo.CamposW8IMY2015
                </value>
                <value>
                    com.indeval.portalinternacional.middleware.servicios.modelo.CamposW8BenE
                </value>
                <value>
                    com.indeval.portalinternacional.middleware.servicios.modelo.EstatusOperacion
                </value>
                <value>
                    com.indeval.portalinternacional.middleware.servicios.modelo.ExcepcionEmisionBenef
                </value>
                <value>
                    com.indeval.portalinternacional.middleware.servicios.modelo.FactorSimulacionMav
                </value>
                <value>
                    com.indeval.portalinternacional.middleware.servicios.modelo.Field3W8BEN
                </value>
                <value>
                    com.indeval.portalinternacional.middleware.servicios.modelo.Field3W8IMY
                </value>
                <value>
                    com.indeval.portalinternacional.middleware.servicios.modelo.Field3W9
                </value>
                <value>
                    com.indeval.portalinternacional.middleware.servicios.modelo.FileTransfer
                </value>
                <value>
                    com.indeval.portalinternacional.middleware.servicios.modelo.FileTransBeneficiario
                </value>
                <value>
                    com.indeval.portalinternacional.middleware.servicios.modelo.FileTransferCapturaBeneficiario
                </value>
                <value>
                    com.indeval.portalinternacional.middleware.servicios.modelo.FileTransferCambioBoveda
                </value>
                <value>
                    com.indeval.portalinternacional.middleware.servicios.modelo.FormatoW8BEN
                </value>
                <value>
                    com.indeval.portalinternacional.middleware.servicios.modelo.FormatoW8BENE
                </value>
                <value>
                    com.indeval.portalinternacional.middleware.servicios.modelo.FormatoW8IMY
                </value>
                <value>
                    com.indeval.portalinternacional.middleware.servicios.modelo.FormatoW8IMY2015
                </value>
                <value>
                    com.indeval.portalinternacional.middleware.servicios.modelo.FormatoW8IMY2017
                </value>
                <value>
                    com.indeval.portalinternacional.middleware.servicios.modelo.FormatoW9
                </value>
                <value>
                    com.indeval.portalinternacional.middleware.servicios.modelo.GrupoRetencion
                </value>
                <value>
                    com.indeval.portalinternacional.middleware.servicios.modelo.HistoricoBeneficiario
                </value>
                <value>
                    com.indeval.portalinternacional.middleware.servicios.modelo.HistoricoMovimientoEfe
                </value>
                <value>
                    com.indeval.portalinternacional.middleware.servicios.modelo.HorarioBeneficiario
                </value>
                <value>
                    com.indeval.portalinternacional.middleware.servicios.modelo.HorariosCustodios
                </value>
                <value>
                    com.indeval.portaldali.persistence.modelo.Institucion
                </value>
                <value>
                    com.indeval.portalinternacional.middleware.servicios.modelo.Instituciones
                </value>
                <value>
                    com.indeval.portaldali.persistence.modelo.Instrumento
                </value>
                <value>
                    com.indeval.portalinternacional.middleware.servicios.modelo.SaldoNombradaInt
                </value>
                <value>
                    com.indeval.portalinternacional.middleware.servicios.modelo.SaldoNombradaHistorico
                </value>
                <value>
                    com.indeval.portalinternacional.middleware.servicios.modelo.SaldoControladaInt
                </value>
                <value>
                    com.indeval.portalinternacional.middleware.servicios.modelo.SaldoControladaHistorico
                </value>
                <value>
                    com.indeval.portalinternacional.middleware.servicios.modelo.Instrumentos
                </value>
                <value>
                    com.indeval.portalinternacional.middleware.servicios.modelo.capitales.InstruccionCapitales
                </value>
                <value>
                    com.indeval.portalinternacional.middleware.servicios.modelo.OperacionSic
                </value>
                <value>
                    com.indeval.portalinternacional.middleware.servicios.modelo.MensajePortal
                </value>
                <value>
                    com.indeval.portaldali.persistence.modelo.Mercado
                </value>
                <value>
                    com.indeval.portalinternacional.middleware.servicios.modelo.MovimientoDepositoEfectivoInternacional
                </value>
                <value>
                    com.indeval.portalinternacional.middleware.servicios.modelo.MovimientoRetiroEfectivoInternacional
                </value>
                <value>
                    com.indeval.portalinternacional.middleware.servicios.modelo.MulticargaInternacional
                </value>
                <value>
                    com.indeval.portalinternacional.middleware.servicios.modelo.capitales.NarrativaCapitales
                </value>
                <value>
                    com.indeval.portalinternacional.middleware.servicios.modelo.eventosCorporativos.NotasEventoCorporativo
                </value>
                <value>
                    com.indeval.portalinternacional.middleware.servicios.modelo.LiquidacionParcialMoi
                </value>
                <value>
                    com.indeval.portalinternacional.middleware.servicios.modelo.OperacionSicView
                </value>
                <value>
                    com.indeval.portalinternacional.middleware.servicios.modelo.eventosCorporativos.OpcionesEventoCorporativo
                </value>
                <value>
                    com.indeval.portaldali.persistence.modelo.Paises
                </value>
                <value>
                    com.indeval.portalinternacional.middleware.servicios.modelo.PaisInt
                </value>
                <value>
                    com.indeval.portaldali.persistence.modelo.PosicionControlada
                </value>
                <value>
                    com.indeval.portalinternacional.middleware.servicios.modelo.PosicionLiquidacion
                </value>
                <value>
                    com.indeval.portaldali.persistence.modelo.PosicionNombrada
                </value>
                <value>
                    com.indeval.portaldali.persistence.modelo.PosicionNombradaH
                </value>
                <value>
                    com.indeval.portalinternacional.middleware.servicios.modelo.RegistrosBeneficiarios
                </value>
                <value>
                    com.indeval.portalinternacional.middleware.servicios.modelo.RegistroMulticarga
                </value>
                <value>
                    com.indeval.portalinternacional.middleware.servicios.modelo.REmisionBoveda
                </value>
                <value>
                    com.indeval.portaldali.persistence.modelo.Retiros
                </value>
                <value>
                    com.indeval.portalinternacional.middleware.servicios.modelo.RetiroEfectivoIntPendientes
                </value>
                <value>
                    com.indeval.portalinternacional.middleware.servicios.modelo.RSICCambioBoveda
                </value>
                <value>
                    com.indeval.portaldali.persistence.modelo.SaldoControlada
                </value>
                <value>
                    com.indeval.portaldali.persistence.modelo.SaldoNombrada
                </value>
                <value>
                    com.indeval.portaldali.persistence.modelo.Sector
                </value>
                <value>
                    com.indeval.portalinternacional.middleware.servicios.modelo.SicDetalle
                </value>
                <value>
                    com.indeval.portalinternacional.middleware.servicios.modelo.SicEmision
                </value>
                <value>
                    com.indeval.portalinternacional.middleware.servicios.modelo.StatementDivint
                </value>
                <value>
                    com.indeval.portalinternacional.middleware.servicios.modelo.StatusBeneficiario
                </value>
                <value>
                    com.indeval.portalinternacional.middleware.servicios.modelo.SubTipoDerecho
                </value>
                <value>
                    com.indeval.portalinternacional.middleware.servicios.modelo.capitales.SubTipoDerechoIntSic
                </value>
                <!--value> com.indeval.portaldali.persistence.modelo.TipoAccion </value -->
                <value>
                    com.indeval.portaldali.persistence.modelo.TipoCuenta
                </value>
                <value>
                    com.indeval.portalinternacional.middleware.servicios.modelo.TipoBeneficiario
                </value>
                <value>
                    com.indeval.portalinternacional.middleware.servicios.modelo.TipoDerecho
                </value>
                <value>
                    com.indeval.portalinternacional.middleware.servicios.modelo.TipoValorCalendarioInternacional
                </value>
                <value>
                    com.indeval.portalinternacional.middleware.servicios.modelo.TopeCirculante
                </value>
                <value>
                    com.indeval.portaldali.persistence.modelo.TipoBoveda
                </value>
                <value>
                    com.indeval.portalinternacional.middleware.servicios.modelo.TipoFormatoBeneficiario
                </value>
                <value>
                    com.indeval.portaldali.persistence.modelo.TipoInstitucion
                </value>
                <!--value> com.indeval.portaldali.persistence.modelo.TipoPago </value -->
                <value>
                    com.indeval.portalinternacional.middleware.servicios.modelo.TipoPagoInt
                </value>
                <value>
                    com.indeval.portalinternacional.middleware.servicios.modelo.TipoPagoIntBR
                </value>
                <value>
                    com.indeval.portaldali.persistence.modelo.TipoInstruccion
                </value>
                <value>
                    com.indeval.portalinternacional.middleware.servicios.modelo.TipoOperacionMulticarga
                </value>
                <value>
                    com.indeval.portalinternacional.middleware.servicios.modelo.TipoTransaccionEfectivoInt
                </value>
                <value>
                    com.indeval.portalinternacional.middleware.servicios.modelo.TitulosGrupoRetencion
                </value>
                <value>
                    com.indeval.portalinternacional.middleware.servicios.modelo.FileUpload
                </value>
                <value>
                    com.indeval.portalinternacional.middleware.servicios.modelo.MILATipoDocumento
                </value>
                <value>
                    com.indeval.portalinternacional.middleware.servicios.modelo.MILASectorEconomico
                </value>
                <value>
                    com.indeval.portalinternacional.middleware.servicios.modelo.MILATipoEmpresa
                </value>
                <value>
                    com.indeval.portalinternacional.middleware.servicios.modelo.MILACodigoDepartamento
                </value>
                <value>
                    com.indeval.portalinternacional.middleware.servicios.modelo.FormatoMILA
                </value>
                <value>
                    com.indeval.portalinternacional.middleware.servicios.modelo.FormatoMilaArchivos
                </value>
                <value>
                    com.indeval.portalinternacional.middleware.servicios.modelo.VBitacoraOperacionesSic
                </value>
                <value>
                    com.indeval.portalinternacional.middleware.servicios.modelo.capitales.VCalendarioDerechoInt
                </value>
                <value>
                    com.indeval.portalinternacional.middleware.servicios.modelo.capitales.VCalendarioDerechoIntRep
                </value>
                <value>
                    com.indeval.portalinternacional.middleware.servicios.modelo.VConsultaDerechosCapital
                </value>
                <value>
                    com.indeval.portalinternacional.middleware.servicios.modelo.capitales.VEmisionesCalendario
                </value>
                <value>
                    com.indeval.portalinternacional.middleware.servicios.modelo.capitales.VEnvioIntSic
                </value>
                <value>
                    com.indeval.portalinternacional.middleware.servicios.modelo.VConsultaBeneficiarioDerechosCuenta
                </value>
                <value>
                    com.indeval.portalinternacional.middleware.servicios.modelo.RTipoValorCustodio
                </value>
                <value>
                    com.indeval.portalinternacional.middleware.servicios.modelo.adp.ClaveAdp
                </value>
                <value>
                    com.indeval.portalinternacional.middleware.servicios.modelo.adp.AdpCustodioPorcentaje
                </value>
                <value>
                    com.indeval.portalinternacional.middleware.servicios.modelo.RBovedaValEf
                </value>
            </list>
        </property>

        <property name="hibernateProperties">
            <props>
                <prop key="hibernate.dialect">org.hibernate.dialect.Oracle10gDialect</prop>
                <!-- <prop key="hibernate.default.schema">DALI_ADMIN</prop> -->
                <prop key="hibernate.show_sql">false</prop>
                <prop key="hibernate.format_sql">false</prop>
                <prop key="hibernate.cache.use_query_cache">true</prop>
                <prop key="hibernate.cache.provider_class">org.hibernate.cache.EhCacheProvider</prop>
                <prop
                        key="hibernate.cache.provider_configuration_file_resource_path">/ehcache.xml</prop>
                <prop key="hibernate.cache.second_level_cache">true</prop>
                <prop key="hibernate.cache.use_structured_entries">true</prop>
                <!-- prop key="hibernate.cache">true</prop -->
                <!-- prop key="hibernate.cache.use_query_cache">true</prop -->
                <!-- Se agrega a la configuraci√≥n el modo de liberaci√≥n de conexiones
                    after_statement -->
                <!-- Pablo Balderas 13/Feb/2015 -->
                <prop key="connection.release_mode">after_statement</prop>
            </props>
        </property>

    </bean>

    <bean id="listaDistribucionService" class="com.indeval.portalinternacional.middleware.services.divisioninternacional.ListaDistribucionServiceImpl">
    	<description>servicio para actualizacion y consulta de lista de distribucion</description>
    	<property name="listaDistribucionDao">
    		<ref bean="listaDistribucionDao"/>
    	</property>
    </bean>

    <bean id="listaDistribucionDao"
          class="com.indeval.portalinternacional.persistence.dao.impl.eventosCorporativos.ListaDistribucionDaoImpl"
          lazy-init="true">
        <property name="sessionFactory">
            <ref local="sessionFactoryInternacional" />
        </property>
    </bean>

    <!-- <bean id="grupoService" class="com.indeval.portalinternacional.middleware.services.divisioninternacional.GrupoServiceImpl">
    	<description>servicio para actualizacion y consulta de grupos para listas de distribucion</description>
    	<property name="grupoDao">
    		<ref bean="grupoDao"/>
    	</property>
    </bean> -->

    <bean id="personaService"
          class="com.indeval.portalinternacional.middleware.services.divisioninternacional.PersonaServiceImpl"
          lazy-init="true">
    	<description>servicio para actualizacion y consulta de personas para listas de distribucion</description>
    	<property name="personaDao">
    		<ref bean="personaDao"/>
    	</property>
    </bean>

	<!-- Formatos W -->
	<bean id="formatoW8Service" class="com.indeval.portalinternacional.middleware.services.divisioninternacional.FormatoW8ServiceImpl" lazy-init="true" >
		<property name="formatoW8Dao">
    		<ref bean="formatoW8Dao"/>
    	</property>
	</bean>
	<bean id="validatorFormatW8BENEService" class="com.indeval.portalinternacional.middleware.services.validador.ValidatorFormatW8BENEServiceImpl" lazy-init="true" >
		<property name="formatoW8Service">
    		<ref bean="formatoW8Service"/>
    	</property>
	</bean>

    <bean id="validadorDerechosCapital"
        class="com.indeval.portalinternacional.middleware.services.validador.ValidadorDerechosCapitalImpl">
        <property name="messageResolver">
            <ref bean="errorResolverDivInt"/>
        </property>     
    </bean>
    <bean id="derechosCapitalesService"
        class="com.indeval.portalinternacional.middleware.services.divisioninternacional.DerechosCapitalesServiceImpl"
          lazy-init="true">
            <property name="validadorDerechosCapital">
            <ref bean="validadorDerechosCapital"/>
        </property>
        <property name="consultaHistoricoCapitalesDao">
            <ref bean="consultaHistoricoCapitalesDao"/>
        </property>
    </bean>

    <bean id="cuentasTransitoriasEfectivoService"
          class="com.indeval.portalinternacional.middleware.services.divisioninternacional.cuentasTransitoriasEfectivo.CuentasTransitoriasEfectivoServiceImpl"
          lazy-init="true">
        <property name="cuentasTransitoriasEfectivoDao">
            <ref bean="cuentasTransitoriasEfectivoDao"/>
        </property>
    </bean>

    <bean id="bovedaService"
          class="com.indeval.portalinternacional.middleware.services.divisioninternacional.BovedaServiceImpl"
          lazy-init="true">
        <property name="bovedaDao" ref="bovedaDao"/>
        <property name="bovedaIntDao" ref="bovedaIntDao"/>
        <property name="catBicDao" ref="catBicDao"/>
    </bean>

    <bean id="conciliacionDivisasIntService"
          class="com.indeval.portalinternacional.middleware.services.divisioninternacional.ConciliacionDivisasIntServiceImpl"
          lazy-init="true">
        <property name="conciliacionDivisasIntDao" ref="conciliacionDivisasIntDao"/>
    </bean>

    <bean id="consultaCuentasService" class="com.indeval.portalinternacional.middleware.services.divisioninternacional.ConsultaCuentasServiceImpl" lazy-init="true">
        <property name="cuentaDaliDAO" ref="cuentaDaliDAO"></property>
    </bean>

    <bean id="consultaDivisaService" class="com.indeval.portalinternacional.middleware.services.divisioninternacional.ConsultaDivisaServiceImpl"
          lazy-init="true">
        <property name="divisaDaliDAO" ref="divisaDaliDao"></property>
        <property name="cuentaCorresponsalDao" ref="cuentaCorresponsalDao"></property>
    </bean>

    <bean id="consultaSaldosEfectivoService"
          class="com.indeval.portalinternacional.middleware.services.divisioninternacional.ConsultaSaldosEfectivoServiceImpl"
          lazy-init="true">

        <description>Bean de Acceso a servicios de catalogos</description>

        <property name="saldoDAO">
            <ref bean="saldoDAO" />
        </property>
        <property name="saldoNombradaDao">
            <ref bean="saldoNombradaDaliDao" />
        </property>
        <property name="dateUtilsDao">
            <ref bean="dateUtilsDao" />
        </property>
    </bean>

    <bean id="institucionesService"
          class="com.indeval.portalinternacional.middleware.services.divisioninternacional.InstitucionesServiceImpl"
          lazy-init="true">
        <property name="institucionesDao">
            <ref bean="institucionesDao"/>
        </property>
    </bean>

    <bean id="movimientoEfectivoInternacionalService" class="com.indeval.portalinternacional.middleware.services.divisioninternacional.MovimientoEfectivoInternacionalServiceImpl"
          lazy-init="true">
        <property name="movimientoEfectivoInternacionalDao" ref="movimientoEfectivoInternacionalDao"></property>
    </bean>

    <bean id="horariosCustodiosService" class="com.indeval.portalinternacional.middleware.services.divisioninternacional.HorariosCustodiosServiceImpl"
          lazy-init="true">
        <property name="horariosCustodiosDao" ref="horariosCustodiosDao" />
    </bean>

    <bean id="custodioService" class="com.indeval.portalinternacional.middleware.services.divisioninternacional.CustodioServiceImpl" lazy-init="true">
        <property name="custodioDao" ref="custodioDao" />
    </bean>

    <bean id="diasInhabilesDivisasService" class="com.indeval.portalinternacional.middleware.services.divisioninternacional.diasInhabilesDivisas.DiasInhabilesDivisasServiceImpl" lazy-init="true">
        <property name="diasInhabilesDivisasDao" ref="diasInhabilesDivisasDao" />
    </bean>

    <bean id="retiroEfectivoIntPendientesService" class="com.indeval.portalinternacional.middleware.services.divisioninternacional.RetiroEfectivoIntPendienteServiceImpl" lazy-init="true">
        <property name="retiroEfectivoIntPendientesDao" ref="retiroEfectivoIntPendientesDao" />
    </bean>
    
     <bean id="errorResolverDivInt"
        class="com.bursatec.util.message.impl.MessageResolverImpl">
        <description>Bean de Acceso al Message Error</description>

        <property name="messageSource">
            <bean
                class="org.springframework.context.support.ResourceBundleMessageSource">
                <property name="basenames">
                    <list>
                        <value>erroresDivInt</value>
                    </list>
                </property>
            </bean>
        </property>
    </bean>

    <bean id="sicService"
          class="com.indeval.portalinternacional.middleware.services.divisioninternacional.SicServiceImpl" lazy-init="true">
        <property name="operacionSicDao" ref="operacionSicDao"/>
        <property name="jmsTemplateSic" ref="jmsTemplateSic"/>
        <property name="custodiosSinEnvioMensaje">
            <set>
                <value>DCVVCLRMXXX</value>
                <value>DCVDCOB1XXX</value>
                <value>CVLIPEP1XXX</value>
            </set>
        </property>
        <property name="messageResolver" ref="errorResolverDivInt"/>
        <property name="signMensaje" ref="signMensaje"/>
        <property name="validateSignatureService" ref="validateSignatureService"/>
        <property name="sendMessageServiceSign" ref="sendMessageServiceSign"/>
        <property name="mensajePortalDaliDao" ref="mensajePortalDaliDao"></property>
        <property name="nombradaSaldoDao" ref="nombradaSaldoDao"></property>
        <property name="divisaDao" ref="divisaDao"></property>
    </bean>

    <bean id="patternResolver"
        class="com.bursatec.util.message.impl.MessageResolverImpl">
        <description>Bean de Acceso al Pattern Number</description>

        <property name="messageSource">
            <bean
                class="org.springframework.context.support.ResourceBundleMessageSource">
                <property name="basenames">
                    <list>
                        <value>patternNumber</value>
                    </list>
                </property>
            </bean>
        </property>
    </bean>
</beans>