<beans xmlns="http://www.springframework.org/schema/beans"
       xmlns:xsi="http://www.w3.org/2001/XMLSchema-instance"
       xmlns:util="http://www.springframework.org/schema/util" xsi:schemaLocation="
http://www.springframework.org/schema/beans http://www.springframework.org/schema/beans/spring-beans-2.0.xsd
http://www.springframework.org/schema/util http://www.springframework.org/schema/util/spring-util-2.0.xsd">

    <description>
        AplicationContext de configuracion de objetos de acceso a los servicios
    </description>

    <!--  Poner en ESTRICTO orden alfabetico (por favor) -->



    <bean id="fileUploadService" class="com.indeval.portalinternacional.middleware.services.util.FileUploadServiceImpl">
        <property name="fileUploadDao" ref="fileUploadDao" />
    </bean>

</beans>
